  ContentProviderObb.cpp
  ContentManager.cpp
  RenderState.cpp
  GraphicsDevice.cpp
  Color.cpp
  Attributes.cpp
  AttributeInfo.cpp
  llgeGraphics.cpp
  Matrix.cpp
  Math.cpp
  llgePInvoke.cpp
  Generating Code...
  Compiling...
  TestStandartAllocations.cpp
  spine.cpp
c:\_faust\faustengine\faustgames\native\src\spine\spine.cpp(11): warning C4018: '<' : signed/unsigned mismatch
  SpineSkeletonResource.cpp
c:\_faust\faustengine\faustgames\native\src\spine\spineskeletonresource.cpp(55): warning C4018: '<' : signed/unsigned mismatch
c:\_faust\faustengine\faustgames\native\src\spine\spineskeletonresource.cpp(61): warning C4018: '<' : signed/unsigned mismatch
c:\_faust\faustengine\faustgames\native\src\spine\spineskeletonresource.cpp(68): warning C4018: '<' : signed/unsigned mismatch
c:\_faust\faustengine\faustgames\native\src\spine\spineskeletonresource.cpp(86): warning C4018: '<' : signed/unsigned mismatch
c:\_faust\faustengine\faustgames\native\src\spine\spineskeletonresource.cpp(91): warning C4018: '<' : signed/unsigned mismatch
c:\_faust\faustengine\faustgames\native\src\spine\spineskeletonresource.cpp(96): warning C4018: '<' : signed/unsigned mismatch
  SpineSkeletonAnimation.cpp
  SpineSkeleton.cpp
  SpineAnimationStateData.cpp
  SpineAnimationState.cpp
c:\_faust\faustengine\faustgames\native\src\spine\spineanimationstate.cpp(46): warning C4101: 'previousDelta' : unreferenced local variable
  ContentProviderWindows.cpp
  VertexFormats.cpp
  VertexFormat.cpp
  VertexBuffer.cpp
  Uniforms.cpp
  UniformValueVector3.cpp
  UniformValueTexture.cpp
  UniformValueMatrix.cpp
  UniformValueFloat.cpp
  UniformValueCubemap.cpp
  UniformValue.cpp
  UniformInfo.cpp
  Uniform.cpp
  Generating Code...
  Compiling...
  TextureRenderTargetDepth2d.cpp
  TextureRenderTarget2d.cpp
  TextureLoader.cpp
  TextureImage2d.cpp
  TextureCubemap.cpp
  Texture.cpp
  StaticBatch.cpp
  RenderConverter.cpp
  Image2dData.cpp
  Errors.cpp
  EffectsPostProcess.cpp
  Effects.cpp
  EffectWater.cpp
  EffectTextureLightMapColor.cpp
  EffectTextureColorHighlight.cpp
  EffectTextureColor.cpp
  EffectTextureAlphamaskColor.cpp
  EffectSolidColor.cpp
  EffectSolid.cpp
  EffectRenderDepth.cpp
  Generating Code...
  Compiling...
  EffectConstant.cpp
  EffectBase.cpp
  Effect.cpp
  Quadtree2dNode.cpp
  Quadtree2d.cpp
  Aabb2d.cpp
  llgeResources.cpp
  llgeGeometry.cpp
  llgeEntities.cpp
  llgeDrawing.cpp
  llge.cpp
  TransformSystem2d.cpp
  Transform2dComponent.cpp
  System.cpp
  RenderSystem2d.cpp
  Render2dComponent.cpp
  QuadtreeEntitiesFilter.cpp
  MatrixTransformComponent.cpp
  Entity.cpp
  EntitiesWorld.cpp
  Generating Code...
  Compiling...
  EntitiesFilter.cpp
  DummyEntitiesFilter.cpp
  Component.cpp
  Aabb2dComponent.cpp
  WaterRenderer.cpp
  Renderer2d.cpp
  RenderMesh2d.cpp
  RenderItem2d.cpp
  PostProcess.cpp
  Camera.cpp
  Batcher.cpp
c:\_faust\faustengine\faustgames\native\src\drawing\batcher.cpp(63): warning C4018: '<=' : signed/unsigned mismatch
c:\_faust\faustengine\faustgames\native\src\drawing\batcher.cpp(107): warning C4018: '<=' : signed/unsigned mismatch
c:\_faust\faustengine\faustgames\native\src\drawing\batcher.cpp(151): warning C4101: 'target' : unreferenced local variable
  SystemAllocationPolicy.cpp
  HollowsAllocationPolicy.cpp
  BasicTest.cpp
  Generating Code...
  LINK : C:\work\sources\github\moon\Solutions\Debug\llge.dll not found or not built by the last incremental link; performing full link
     Creating library C:\work\sources\github\moon\Solutions\Debug\llge.lib and object C:\work\sources\github\moon\Solutions\Debug\llge.exp
  llge.vcxproj -> C:\work\sources\github\moon\Solutions\Debug\llge.dll
