c:\_faust\faustengine\faustgames\native\llge\debug\vc120.pdb
c:\_faust\faustengine\faustgames\native\llge\debug\vc120.idb
c:\_faust\faustengine\faustgames\native\llge\debug\textureloader.obj
c:\_faust\faustengine\faustgames\native\llge\debug\texturerendertarget2d.obj
c:\_faust\faustengine\faustgames\native\llge\debug\texturerendertargetdepth2d.obj
c:\_faust\faustengine\faustgames\native\llge\debug\uniform.obj
c:\_faust\faustengine\faustgames\native\llge\debug\uniforminfo.obj
c:\_faust\faustengine\faustgames\native\llge\debug\uniforms.obj
c:\_faust\faustengine\faustgames\native\llge\debug\uniformvalue.obj
c:\_faust\faustengine\faustgames\native\llge\debug\uniformvaluecubemap.obj
c:\_faust\faustengine\faustgames\native\llge\debug\uniformvaluefloat.obj
c:\_faust\faustengine\faustgames\native\llge\debug\uniformvaluematrix.obj
c:\_faust\faustengine\faustgames\native\llge\debug\uniformvaluetexture.obj
c:\_faust\faustengine\faustgames\native\llge\debug\uniformvaluevector3.obj
c:\_faust\faustengine\faustgames\native\llge\debug\vertexbuffer.obj
c:\_faust\faustengine\faustgames\native\llge\debug\vertexformat.obj
c:\_faust\faustengine\faustgames\native\llge\debug\vertexformats.obj
c:\_faust\faustengine\faustgames\native\llge\debug\contentmanager.obj
c:\_faust\faustengine\faustgames\native\llge\debug\contentproviderwindows.obj
c:\_faust\faustengine\faustgames\native\llge\debug\teststandartallocations.obj
c:\_faust\faustengine\faustgames\native\llge\debug\dllmain.obj
c:\_faust\faustengine\faustgames\native\llge\debug\stdafx.obj
c:\_faust\faustengine\faustgames\native\llge\debug\attributeinfo.obj
c:\_faust\faustengine\faustgames\native\llge\debug\attributes.obj
c:\_faust\faustengine\faustgames\native\llge\debug\color.obj
c:\_faust\faustengine\faustgames\native\llge\debug\effect.obj
c:\_faust\faustengine\faustgames\native\llge\debug\effectbase.obj
c:\_faust\faustengine\faustgames\native\llge\debug\effectconstant.obj
c:\_faust\faustengine\faustgames\native\llge\debug\effects.obj
c:\_faust\faustengine\faustgames\native\llge\debug\effectsolid.obj
c:\_faust\faustengine\faustgames\native\llge\debug\effectsolidcolor.obj
c:\_faust\faustengine\faustgames\native\llge\debug\effecttexturecolor.obj
c:\_faust\faustengine\faustgames\native\llge\debug\effecttexturelightmapcolor.obj
c:\_faust\faustengine\faustgames\native\llge\debug\effectwater.obj
c:\_faust\faustengine\faustgames\native\llge\debug\errors.obj
c:\_faust\faustengine\faustgames\native\llge\debug\graphicsdevice.obj
c:\_faust\faustengine\faustgames\native\llge\debug\image2ddata.obj
c:\_faust\faustengine\faustgames\native\llge\debug\renderstate.obj
c:\_faust\faustengine\faustgames\native\llge\debug\staticbatch.obj
c:\_faust\faustengine\faustgames\native\llge\debug\texture.obj
c:\_faust\faustengine\faustgames\native\llge\debug\texturecubemap.obj
c:\_faust\faustengine\faustgames\native\llge\debug\textureimage2d.obj
c:\_faust\faustengine\faustgames\native\llge\debug\aabb2dcomponent.obj
c:\_faust\faustengine\faustgames\native\llge\debug\component.obj
c:\_faust\faustengine\faustgames\native\llge\debug\entitiesfilter.obj
c:\_faust\faustengine\faustgames\native\llge\debug\entity.obj
c:\_faust\faustengine\faustgames\native\llge\debug\entitiesworld.obj
c:\_faust\faustengine\faustgames\native\llge\debug\dummyentitiesfilter.obj
c:\_faust\faustengine\faustgames\native\llge\debug\quadtreeentitiesfilter.obj
c:\_faust\faustengine\faustgames\native\llge\debug\render2dcomponent.obj
c:\_faust\faustengine\faustgames\native\llge\debug\rendersystem2d.obj
c:\_faust\faustengine\faustgames\native\llge\debug\system.obj
c:\_faust\faustengine\faustgames\native\llge\debug\transform2dcomponent.obj
c:\_faust\faustengine\faustgames\native\llge\debug\transformsystem2d.obj
c:\_faust\faustengine\faustgames\native\llge\debug\llgeentities.obj
c:\_faust\faustengine\faustgames\native\llge\debug\llgegeometry.obj
c:\_faust\faustengine\faustgames\native\llge\debug\llgegraphics.obj
c:\_faust\faustengine\faustgames\native\llge\debug\llge.obj
c:\_faust\faustengine\faustgames\native\llge\debug\llgeresources.obj
c:\_faust\faustengine\faustgames\native\llge\debug\aabb2d.obj
c:\_faust\faustengine\faustgames\native\llge\debug\quadtree2d.obj
c:\_faust\faustengine\faustgames\native\llge\debug\quadtree2dnode.obj
c:\_faust\faustengine\faustgames\native\llge\debug\llgepinvoke.obj
c:\_faust\faustengine\faustgames\native\llge\debug\basictest.obj
c:\_faust\faustengine\faustgames\native\llge\debug\hollowsallocationpolicy.obj
c:\_faust\faustengine\faustgames\native\llge\debug\math.obj
c:\_faust\faustengine\faustgames\native\llge\debug\matrix.obj
c:\_faust\faustengine\faustgames\native\llge\debug\systemallocationpolicy.obj
c:\_faust\faustengine\faustgames\native\llge\debug\camera.obj
c:\_faust\faustengine\faustgames\native\llge\debug\renderer2d.obj
c:\_faust\faustengine\faustgames\native\llge\debug\renderitem2d.obj
c:\_faust\faustengine\faustgames\native\llge\debug\rendermesh2d.obj
c:\_faust\faustengine\faustgames\native\llge\debug\waterrenderer.obj
c:\_faust\faustengine\faustgames\native\llge\debug\pngtrans.obj
c:\_faust\faustengine\faustgames\native\llge\debug\pngwio.obj
c:\_faust\faustengine\faustgames\native\llge\debug\pngwrite.obj
c:\_faust\faustengine\faustgames\native\llge\debug\pngwtran.obj
c:\_faust\faustengine\faustgames\native\llge\debug\pngwutil.obj
c:\_faust\faustengine\faustgames\native\llge\debug\adler32.obj
c:\_faust\faustengine\faustgames\native\llge\debug\compress.obj
c:\_faust\faustengine\faustgames\native\llge\debug\crc32.obj
c:\_faust\faustengine\faustgames\native\llge\debug\deflate.obj
c:\_faust\faustengine\faustgames\native\llge\debug\gzclose.obj
c:\_faust\faustengine\faustgames\native\llge\debug\gzlib.obj
c:\_faust\faustengine\faustgames\native\llge\debug\gzread.obj
c:\_faust\faustengine\faustgames\native\llge\debug\gzwrite.obj
c:\_faust\faustengine\faustgames\native\llge\debug\infback.obj
c:\_faust\faustengine\faustgames\native\llge\debug\inffast.obj
c:\_faust\faustengine\faustgames\native\llge\debug\inflate.obj
c:\_faust\faustengine\faustgames\native\llge\debug\inftrees.obj
c:\_faust\faustengine\faustgames\native\llge\debug\trees.obj
c:\_faust\faustengine\faustgames\native\llge\debug\uncompr.obj
c:\_faust\faustengine\faustgames\native\llge\debug\zutil.obj
c:\_faust\faustengine\faustgames\native\llge\debug\example.obj
c:\_faust\faustengine\faustgames\native\llge\debug\png.obj
c:\_faust\faustengine\faustgames\native\llge\debug\pngerror.obj
c:\_faust\faustengine\faustgames\native\llge\debug\pngget.obj
c:\_faust\faustengine\faustgames\native\llge\debug\pngmem.obj
c:\_faust\faustengine\faustgames\native\llge\debug\pngpread.obj
c:\_faust\faustengine\faustgames\native\llge\debug\pngread.obj
c:\_faust\faustengine\faustgames\native\llge\debug\pngrio.obj
c:\_faust\faustengine\faustgames\native\llge\debug\pngrtran.obj
c:\_faust\faustengine\faustgames\native\llge\debug\pngrutil.obj
c:\_faust\faustengine\faustgames\native\llge\debug\pngset.obj
c:\_faust\faustengine\faustgames\native\llge\debug\pngtest.obj
c:\_faust\faustengine\faustgames\native\llge\debug\effectrenderdepth.obj
c:\_faust\faustengine\faustgames\debug\llge.ilk
c:\_faust\faustengine\faustgames\debug\llge.dll
c:\_faust\faustengine\faustgames\debug\llge.pdb
c:\_faust\faustengine\faustgames\debug\llge.lib
c:\_faust\faustengine\faustgames\debug\llge.exp
c:\_faust\faustengine\faustgames\native\llge\debug\llge.tlog\cl.command.1.tlog
c:\_faust\faustengine\faustgames\native\llge\debug\llge.tlog\cl.read.1.tlog
c:\_faust\faustengine\faustgames\native\llge\debug\llge.tlog\cl.write.1.tlog
c:\_faust\faustengine\faustgames\native\llge\debug\llge.tlog\link.command.1.tlog
c:\_faust\faustengine\faustgames\native\llge\debug\llge.tlog\link.read.1.tlog
c:\_faust\faustengine\faustgames\native\llge\debug\llge.tlog\link.write.1.tlog
c:\_faust\faustengine\faustgames\native\llge\debug\llge.tlog\llge.write.1u.tlog
