c:\sources\github\faustengine\faustgames\openglwindow\debug\openglwindow.pch
c:\sources\github\faustengine\faustgames\openglwindow\debug\vc120.pdb
c:\sources\github\faustengine\faustgames\openglwindow\debug\stdafx.obj
c:\sources\github\faustengine\faustgames\openglwindow\debug\openglwindow.obj
c:\sources\github\faustengine\faustgames\openglwindow\debug\assemblyinfo.obj
c:\sources\github\faustengine\faustgames\openglwindow\debug\.netframework,version=v4.5.assemblyattributes.obj
c:\sources\github\faustengine\faustgames\debug\openglwindow.dll
c:\sources\github\faustengine\faustgames\debug\openglwindow.pdb
c:\sources\github\faustengine\faustgames\openglwindow\debug\app.res
c:\sources\github\faustengine\faustgames\openglwindow\debug\openglwindow.vcxprojresolveassemblyreference.cache
c:\sources\github\faustengine\faustgames\openglwindow\debug\openglwindow.tlog\cl.command.1.tlog
c:\sources\github\faustengine\faustgames\openglwindow\debug\openglwindow.tlog\cl.read.1.tlog
c:\sources\github\faustengine\faustgames\openglwindow\debug\openglwindow.tlog\cl.write.1.tlog
c:\sources\github\faustengine\faustgames\openglwindow\debug\openglwindow.tlog\link.command.1.tlog
c:\sources\github\faustengine\faustgames\openglwindow\debug\openglwindow.tlog\link.read.1.tlog
c:\sources\github\faustengine\faustgames\openglwindow\debug\openglwindow.tlog\link.write.1.tlog
c:\sources\github\faustengine\faustgames\openglwindow\debug\openglwindow.tlog\metagen.read.1.tlog
c:\sources\github\faustengine\faustgames\openglwindow\debug\openglwindow.tlog\metagen.write.1.tlog
c:\sources\github\faustengine\faustgames\openglwindow\debug\openglwindow.tlog\rc.command.1.tlog
c:\sources\github\faustengine\faustgames\openglwindow\debug\openglwindow.tlog\rc.read.1.tlog
c:\sources\github\faustengine\faustgames\openglwindow\debug\openglwindow.tlog\rc.write.1.tlog
c:\sources\github\faustengine\faustgames\openglwindow\debug\openglwindow.tlog\tzres.dll.bi
